d:\junfiles\idebugclient\mixedmodestack_src\mixedmodestack_src\stackwalkapps\diagapp\debug\diagapp.pch
d:\junfiles\idebugclient\mixedmodestack_src\mixedmodestack_src\stackwalkapps\diagapp\debug\vc143.pdb
d:\junfiles\idebugclient\mixedmodestack_src\mixedmodestack_src\stackwalkapps\diagapp\debug\stdafx.obj
d:\junfiles\idebugclient\mixedmodestack_src\mixedmodestack_src\stackwalkapps\diagapp\debug\vc143.idb
d:\junfiles\idebugclient\mixedmodestack_src\mixedmodestack_src\stackwalkapps\diagapp\debug\nativedebugging.obj
d:\junfiles\idebugclient\mixedmodestack_src\mixedmodestack_src\stackwalkapps\diagapp\debug\dotnethelper.obj
d:\junfiles\idebugclient\mixedmodestack_src\mixedmodestack_src\stackwalkapps\diagapp\debug\diagclib.obj
d:\junfiles\idebugclient\mixedmodestack_src\mixedmodestack_src\stackwalkapps\diagapp\debug\assemblyinfo.obj
d:\junfiles\idebugclient\mixedmodestack_src\mixedmodestack_src\stackwalkapps\diagapp\debug\stackwalker.obj
d:\junfiles\idebugclient\mixedmodestack_src\mixedmodestack_src\stackwalkapps\diagapp\debug\diagapp.obj
d:\junfiles\idebugclient\mixedmodestack_src\mixedmodestack_src\stackwalkapps\diagapp\debug\.netframework,version=v4.7.2.assemblyattributes.obj
d:\junfiles\idebugclient\mixedmodestack_src\mixedmodestack_src\stackwalkapps\debug\diagapp.lib
d:\junfiles\idebugclient\mixedmodestack_src\mixedmodestack_src\stackwalkapps\debug\diagapp.exp
d:\junfiles\idebugclient\mixedmodestack_src\mixedmodestack_src\stackwalkapps\debug\diagapp.dll
d:\junfiles\idebugclient\mixedmodestack_src\mixedmodestack_src\stackwalkapps\debug\diagapp.pdb
d:\junfiles\idebugclient\mixedmodestack_src\mixedmodestack_src\stackwalkapps\diagapp\debug\app.res
d:\junfiles\idebugclient\mixedmodestack_src\mixedmodestack_src\stackwalkapps\diagapp\debug\diagapp.tlog\cl.command.1.tlog
d:\junfiles\idebugclient\mixedmodestack_src\mixedmodestack_src\stackwalkapps\diagapp\debug\diagapp.tlog\cl.read.1.tlog
d:\junfiles\idebugclient\mixedmodestack_src\mixedmodestack_src\stackwalkapps\diagapp\debug\diagapp.tlog\cl.write.1.tlog
d:\junfiles\idebugclient\mixedmodestack_src\mixedmodestack_src\stackwalkapps\diagapp\debug\diagapp.tlog\diagapp.write.1u.tlog
d:\junfiles\idebugclient\mixedmodestack_src\mixedmodestack_src\stackwalkapps\diagapp\debug\diagapp.tlog\link.command.1.tlog
d:\junfiles\idebugclient\mixedmodestack_src\mixedmodestack_src\stackwalkapps\diagapp\debug\diagapp.tlog\link.read.1.tlog
d:\junfiles\idebugclient\mixedmodestack_src\mixedmodestack_src\stackwalkapps\diagapp\debug\diagapp.tlog\link.write.1.tlog
d:\junfiles\idebugclient\mixedmodestack_src\mixedmodestack_src\stackwalkapps\diagapp\debug\diagapp.tlog\metagen.read.1.tlog
d:\junfiles\idebugclient\mixedmodestack_src\mixedmodestack_src\stackwalkapps\diagapp\debug\diagapp.tlog\metagen.write.1.tlog
d:\junfiles\idebugclient\mixedmodestack_src\mixedmodestack_src\stackwalkapps\diagapp\debug\diagapp.tlog\rc.command.1.tlog
d:\junfiles\idebugclient\mixedmodestack_src\mixedmodestack_src\stackwalkapps\diagapp\debug\diagapp.tlog\rc.read.1.tlog
d:\junfiles\idebugclient\mixedmodestack_src\mixedmodestack_src\stackwalkapps\diagapp\debug\diagapp.tlog\rc.write.1.tlog
