d:\junfiles\havesendmislav_v1\diagapp\x64\debug\diagapp.pch
d:\junfiles\havesendmislav_v1\diagapp\x64\debug\vc143.pdb
d:\junfiles\havesendmislav_v1\diagapp\x64\debug\assemblyinfo.obj
d:\junfiles\havesendmislav_v1\diagapp\x64\debug\diagapp.obj
d:\junfiles\havesendmislav_v1\diagapp\x64\debug\diagclib.obj
d:\junfiles\havesendmislav_v1\diagapp\x64\debug\dotnethelper.obj
d:\junfiles\havesendmislav_v1\diagapp\x64\debug\litelog.obj
d:\junfiles\havesendmislav_v1\diagapp\x64\debug\nativedebugging.obj
d:\junfiles\havesendmislav_v1\diagapp\x64\debug\stackwalker.obj
d:\junfiles\havesendmislav_v1\diagapp\x64\debug\stdafx.obj
d:\junfiles\havesendmislav_v1\diagapp\x64\debug\.netframework,version=v4.7.2.assemblyattributes.obj
d:\junfiles\havesendmislav_v1\diagapp\x64\debug\app.res
d:\junfiles\havesendmislav_v1\diagapp\x64\debug\diagapp.vcxproj.assemblyreference.cache
d:\junfiles\havesendmislav_v1\diagapp\x64\debug\diagapp.vcxproj.suggestedbindingredirects.cache
d:\junfiles\havesendmislav_v1\x64\debug\diagapp.pdb
d:\junfiles\havesendmislav_v1\diagapp\x64\debug\diagapp.tlog\cl.command.1.tlog
d:\junfiles\havesendmislav_v1\diagapp\x64\debug\diagapp.tlog\cl.read.1.tlog
d:\junfiles\havesendmislav_v1\diagapp\x64\debug\diagapp.tlog\cl.write.1.tlog
d:\junfiles\havesendmislav_v1\diagapp\x64\debug\diagapp.tlog\link.29540-cvtres.read.1.tlog
d:\junfiles\havesendmislav_v1\diagapp\x64\debug\diagapp.tlog\link.29540-cvtres.write.1.tlog
d:\junfiles\havesendmislav_v1\diagapp\x64\debug\diagapp.tlog\link.29540-rc.read.1.tlog
d:\junfiles\havesendmislav_v1\diagapp\x64\debug\diagapp.tlog\link.29540-rc.write.1.tlog
d:\junfiles\havesendmislav_v1\diagapp\x64\debug\diagapp.tlog\link.29540.read.1.tlog
d:\junfiles\havesendmislav_v1\diagapp\x64\debug\diagapp.tlog\link.29540.read.2.tlog
d:\junfiles\havesendmislav_v1\diagapp\x64\debug\diagapp.tlog\link.29540.write.1.tlog
d:\junfiles\havesendmislav_v1\diagapp\x64\debug\diagapp.tlog\link.79784-cvtres.read.1.tlog
d:\junfiles\havesendmislav_v1\diagapp\x64\debug\diagapp.tlog\link.79784-cvtres.write.1.tlog
d:\junfiles\havesendmislav_v1\diagapp\x64\debug\diagapp.tlog\link.79784-rc.read.1.tlog
d:\junfiles\havesendmislav_v1\diagapp\x64\debug\diagapp.tlog\link.79784-rc.write.1.tlog
d:\junfiles\havesendmislav_v1\diagapp\x64\debug\diagapp.tlog\link.79784.read.1.tlog
d:\junfiles\havesendmislav_v1\diagapp\x64\debug\diagapp.tlog\link.79784.read.2.tlog
d:\junfiles\havesendmislav_v1\diagapp\x64\debug\diagapp.tlog\link.79784.write.1.tlog
d:\junfiles\havesendmislav_v1\diagapp\x64\debug\diagapp.tlog\link.command.1.tlog
d:\junfiles\havesendmislav_v1\diagapp\x64\debug\diagapp.tlog\link.read.1.tlog
d:\junfiles\havesendmislav_v1\diagapp\x64\debug\diagapp.tlog\link.read.2.tlog
d:\junfiles\havesendmislav_v1\diagapp\x64\debug\diagapp.tlog\link.write.1.tlog
d:\junfiles\havesendmislav_v1\diagapp\x64\debug\diagapp.tlog\metagen.read.1.tlog
d:\junfiles\havesendmislav_v1\diagapp\x64\debug\diagapp.tlog\metagen.write.1.tlog
d:\junfiles\havesendmislav_v1\diagapp\x64\debug\diagapp.tlog\rc.command.1.tlog
d:\junfiles\havesendmislav_v1\diagapp\x64\debug\diagapp.tlog\rc.read.1.tlog
d:\junfiles\havesendmislav_v1\diagapp\x64\debug\diagapp.tlog\rc.write.1.tlog
